<?xml version="1.0" encoding="UTF-8"?>
<!-- Generated by org.testng.reporters.JUnitReportReporter -->
<testsuite skipped="0" hostname="Nasib786" name="com.google.qa.com.google.VerifyLoginPage" tests="1" failures="0" timestamp="06 Jan 2019 15:57:55 GMT" time="11.445" errors="0">
  <testcase name="verifyLogin" time="11.445" classname="com.google.qa.com.google.VerifyLoginPage"/>
</testsuite> <!-- com.google.qa.com.google.VerifyLoginPage -->
